<?xml version="1.0" encoding="UTF-8"?>
<!-- Generated by org.testng.reporters.JUnitReportReporter -->
<testsuite hostname="DESKTOP-2LDUO3Q" failures="0" tests="1" name="ff.NewTest" time="0.014" errors="0" timestamp="2021-05-07T19:08:47 IST" skipped="0">
  <testcase classname="ff.NewTest" name="f" time="0.014"/>
  <system-out/>
</testsuite> <!-- ff.NewTest -->
